<?xml version="1.0" encoding="UTF-8"?>
<testng-results skipped="0" failed="0" ignored="0" total="5" passed="5">
  <reporter-output>
  </reporter-output>
  <suite name="Default suite" duration-ms="15484" started-at="2019-08-02T09:50:34Z" finished-at="2019-08-02T09:50:50Z">
    <groups>
    </groups>
    <test name="Default test" duration-ms="15484" started-at="2019-08-02T09:50:34Z" finished-at="2019-08-02T09:50:50Z">
      <class name="dataprovider.io.test.DataproviderCheck1">
        <test-method status="PASS" signature="setUp()[pri:0, instance:dataprovider.io.test.DataproviderCheck1@5e5792a0]" name="setUp" is-config="true" duration-ms="5879" started-at="2019-08-02T09:50:35Z" finished-at="2019-08-02T09:50:40Z">
          <reporter-output>
          </reporter-output>
        </test-method> <!-- setUp -->
        <test-method status="PASS" signature="login(java.lang.String, java.lang.String)[pri:0, instance:dataprovider.io.test.DataproviderCheck1@5e5792a0]" name="login" duration-ms="537" started-at="2019-08-02T09:50:40Z" data-provider="getTestData" finished-at="2019-08-02T09:50:41Z">
          <params>
            <param index="0">
              <value>
                <![CDATA[bug_busters]]>
              </value>
            </param>
            <param index="1">
              <value>
                <![CDATA[djfkjd]]>
              </value>
            </param>
          </params>
          <reporter-output>
          </reporter-output>
        </test-method> <!-- login -->
        <test-method status="PASS" signature="tearDown()[pri:0, instance:dataprovider.io.test.DataproviderCheck1@5e5792a0]" name="tearDown" is-config="true" duration-ms="163" started-at="2019-08-02T09:50:41Z" finished-at="2019-08-02T09:50:41Z">
          <reporter-output>
          </reporter-output>
        </test-method> <!-- tearDown -->
        <test-method status="PASS" signature="setUp()[pri:0, instance:dataprovider.io.test.DataproviderCheck1@5e5792a0]" name="setUp" is-config="true" duration-ms="1438" started-at="2019-08-02T09:50:41Z" finished-at="2019-08-02T09:50:43Z">
          <reporter-output>
          </reporter-output>
        </test-method> <!-- setUp -->
        <test-method status="PASS" signature="login(java.lang.String, java.lang.String)[pri:0, instance:dataprovider.io.test.DataproviderCheck1@5e5792a0]" name="login" duration-ms="344" started-at="2019-08-02T09:50:43Z" data-provider="getTestData" finished-at="2019-08-02T09:50:43Z">
          <params>
            <param index="0">
              <value>
                <![CDATA[bugbusters]]>
              </value>
            </param>
            <param index="1">
              <value>
                <![CDATA[jnddj]]>
              </value>
            </param>
          </params>
          <reporter-output>
          </reporter-output>
        </test-method> <!-- login -->
        <test-method status="PASS" signature="tearDown()[pri:0, instance:dataprovider.io.test.DataproviderCheck1@5e5792a0]" name="tearDown" is-config="true" duration-ms="215" started-at="2019-08-02T09:50:43Z" finished-at="2019-08-02T09:50:43Z">
          <reporter-output>
          </reporter-output>
        </test-method> <!-- tearDown -->
        <test-method status="PASS" signature="setUp()[pri:0, instance:dataprovider.io.test.DataproviderCheck1@5e5792a0]" name="setUp" is-config="true" duration-ms="1513" started-at="2019-08-02T09:50:43Z" finished-at="2019-08-02T09:50:45Z">
          <reporter-output>
          </reporter-output>
        </test-method> <!-- setUp -->
        <test-method status="PASS" signature="login(java.lang.String, java.lang.String)[pri:0, instance:dataprovider.io.test.DataproviderCheck1@5e5792a0]" name="login" duration-ms="374" started-at="2019-08-02T09:50:45Z" data-provider="getTestData" finished-at="2019-08-02T09:50:45Z">
          <params>
            <param index="0">
              <value>
                <![CDATA[bug_busters]]>
              </value>
            </param>
            <param index="1">
              <value>
                <![CDATA[dfdddf]]>
              </value>
            </param>
          </params>
          <reporter-output>
          </reporter-output>
        </test-method> <!-- login -->
        <test-method status="PASS" signature="tearDown()[pri:0, instance:dataprovider.io.test.DataproviderCheck1@5e5792a0]" name="tearDown" is-config="true" duration-ms="159" started-at="2019-08-02T09:50:45Z" finished-at="2019-08-02T09:50:45Z">
          <reporter-output>
          </reporter-output>
        </test-method> <!-- tearDown -->
        <test-method status="PASS" signature="setUp()[pri:0, instance:dataprovider.io.test.DataproviderCheck1@5e5792a0]" name="setUp" is-config="true" duration-ms="1543" started-at="2019-08-02T09:50:45Z" finished-at="2019-08-02T09:50:47Z">
          <reporter-output>
          </reporter-output>
        </test-method> <!-- setUp -->
        <test-method status="PASS" signature="login(java.lang.String, java.lang.String)[pri:0, instance:dataprovider.io.test.DataproviderCheck1@5e5792a0]" name="login" duration-ms="372" started-at="2019-08-02T09:50:47Z" data-provider="getTestData" finished-at="2019-08-02T09:50:47Z">
          <params>
            <param index="0">
              <value>
                <![CDATA[bug_busters]]>
              </value>
            </param>
            <param index="1">
              <value>
                <![CDATA[venky@123]]>
              </value>
            </param>
          </params>
          <reporter-output>
          </reporter-output>
        </test-method> <!-- login -->
        <test-method status="PASS" signature="tearDown()[pri:0, instance:dataprovider.io.test.DataproviderCheck1@5e5792a0]" name="tearDown" is-config="true" duration-ms="71" started-at="2019-08-02T09:50:47Z" finished-at="2019-08-02T09:50:47Z">
          <reporter-output>
          </reporter-output>
        </test-method> <!-- tearDown -->
        <test-method status="PASS" signature="setUp()[pri:0, instance:dataprovider.io.test.DataproviderCheck1@5e5792a0]" name="setUp" is-config="true" duration-ms="1410" started-at="2019-08-02T09:50:47Z" finished-at="2019-08-02T09:50:49Z">
          <reporter-output>
          </reporter-output>
        </test-method> <!-- setUp -->
        <test-method status="PASS" signature="login(java.lang.String, java.lang.String)[pri:0, instance:dataprovider.io.test.DataproviderCheck1@5e5792a0]" name="login" duration-ms="763" started-at="2019-08-02T09:50:49Z" data-provider="getTestData" finished-at="2019-08-02T09:50:49Z">
          <params>
            <param index="0">
              <value>
                <![CDATA[bug_busters]]>
              </value>
            </param>
            <param index="1">
              <value>
                <![CDATA[prince@123]]>
              </value>
            </param>
          </params>
          <reporter-output>
          </reporter-output>
        </test-method> <!-- login -->
        <test-method status="PASS" signature="tearDown()[pri:0, instance:dataprovider.io.test.DataproviderCheck1@5e5792a0]" name="tearDown" is-config="true" duration-ms="267" started-at="2019-08-02T09:50:49Z" finished-at="2019-08-02T09:50:50Z">
          <reporter-output>
          </reporter-output>
        </test-method> <!-- tearDown -->
      </class> <!-- dataprovider.io.test.DataproviderCheck1 -->
    </test> <!-- Default test -->
  </suite> <!-- Default suite -->
</testng-results>
