<?xml version="1.0" encoding="UTF-8"?>
<!-- Generated by org.testng.reporters.JUnitXMLReporter -->
<testsuite hostname="qapitol-ThinkPad-L470" ignored="0" name="Default test" tests="5" failures="0" timestamp="02 Aug 2019 10:43:32 GMT" time="22.501" errors="0">
  <testcase name="login" time="0.639" classname="dataprovider.io.test.DataproviderCheck1"/>
  <testcase name="login" time="0.343" classname="dataprovider.io.test.DataproviderCheck1"/>
  <testcase name="login" time="0.434" classname="dataprovider.io.test.DataproviderCheck1"/>
  <testcase name="login" time="0.437" classname="dataprovider.io.test.DataproviderCheck1"/>
  <testcase name="login" time="1.037" classname="dataprovider.io.test.DataproviderCheck1"/>
</testsuite> <!-- Default test -->
