<?xml version="1.0" encoding="UTF-8"?>
<!-- Generated by org.testng.reporters.JUnitXMLReporter -->
<testsuite hostname="qapitol-ThinkPad-L470" ignored="0" name="Default test" tests="5" failures="0" timestamp="02 Aug 2019 09:50:50 GMT" time="15.484" errors="0">
  <testcase name="login" time="0.537" classname="dataprovider.io.test.DataproviderCheck1"/>
  <testcase name="login" time="0.344" classname="dataprovider.io.test.DataproviderCheck1"/>
  <testcase name="login" time="0.374" classname="dataprovider.io.test.DataproviderCheck1"/>
  <testcase name="login" time="0.372" classname="dataprovider.io.test.DataproviderCheck1"/>
  <testcase name="login" time="0.763" classname="dataprovider.io.test.DataproviderCheck1"/>
</testsuite> <!-- Default test -->
