<?xml version="1.0" encoding="UTF-8"?>
<!-- Generated by org.testng.reporters.JUnitXMLReporter -->
<testsuite hostname="qapitol-ThinkPad-L470" ignored="0" name="Test" tests="5" failures="0" timestamp="02 Aug 2019 10:43:51 GMT" time="12.053" errors="0">
  <testcase name="login" time="0.439" classname="dataprovider.io.test.DataproviderCheck1"/>
  <testcase name="login" time="0.347" classname="dataprovider.io.test.DataproviderCheck1"/>
  <testcase name="login" time="0.41" classname="dataprovider.io.test.DataproviderCheck1"/>
  <testcase name="login" time="0.411" classname="dataprovider.io.test.DataproviderCheck1"/>
  <testcase name="login" time="0.849" classname="dataprovider.io.test.DataproviderCheck1"/>
</testsuite> <!-- Test -->
